<?xml version="1.0" encoding="UTF-8"?>
<!-- Generated by org.testng.reporters.JUnitXMLReporter -->
<testsuite ignored="0" hostname="NIBLP2470" failures="0" tests="3" name="Default test" time="56.274" errors="0" timestamp="2026-05-27T15:33:41 IST">
  <testcase classname="com.automation.tests.ActionsTest" name="testDoubleClick" time="18.003"/>
  <testcase classname="com.automation.tests.ActionsTest" name="testDragAndDrop" time="16.322"/>
  <testcase classname="com.automation.tests.ActionsTest" name="testRightClick" time="16.096"/>
</testsuite> <!-- Default test -->
