<?xml version="1.0" encoding="UTF-8"?>
<!-- Generated by org.testng.reporters.JUnitXMLReporter -->
<testsuite ignored="0" hostname="NIBLP2470" failures="0" tests="3" name="Actions Tests" time="54.335" errors="0" timestamp="2026-05-26T18:20:27 IST">
  <testcase classname="com.automation.tests.ActionsTest" name="testDoubleClick" time="15.449"/>
  <testcase classname="com.automation.tests.ActionsTest" name="testDragAndDrop" time="16.097"/>
  <testcase classname="com.automation.tests.ActionsTest" name="testRightClick" time="15.193"/>
</testsuite> <!-- Actions Tests -->
