<?xml version="1.0" encoding="UTF-8"?>
<!-- Generated by org.testng.reporters.JUnitXMLReporter -->
<testsuite ignored="1" hostname="NIBLP2470" failures="0" tests="5" name="Google Tests" time="18.775" errors="0" timestamp="2026-05-26T18:19:32 IST">
  <testcase classname="com.automation.tests.GoogleTest" name="searchWithMultipleKeywords" time="4.585"/>
  <testcase classname="com.automation.tests.GoogleTest" name="searchWithMultipleKeywords" time="2.081"/>
  <testcase classname="com.automation.tests.GoogleTest" name="searchWithMultipleKeywords" time="2.228"/>
  <testcase classname="com.automation.tests.GoogleTest" name="verifyGoogleTitle" time="0.996"/>
  <testcase classname="com.automation.tests.GoogleTest" name="verifySearchResults" time="2.36"/>
  <testcase classname="com.automation.tests.GoogleTest" name="failingTest" time="0.0">
    <ignored/>
  </testcase> <!-- failingTest -->
</testsuite> <!-- Google Tests -->
