<?xml version="1.0" encoding="UTF-8"?>
<!-- Generated by org.testng.reporters.JUnitXMLReporter -->
<testsuite ignored="0" hostname="NIBLP2470" failures="0" tests="5" name="JavaScript Executor Tests" time="72.366" errors="0" timestamp="2026-05-26T18:21:39 IST">
  <testcase classname="com.automation.tests.JavaScriptExecutorTest" name="testGetPageInfo" time="10.152"/>
  <testcase classname="com.automation.tests.JavaScriptExecutorTest" name="testHighlightElement" time="13.182"/>
  <testcase classname="com.automation.tests.JavaScriptExecutorTest" name="testJSClick" time="13.958"/>
  <testcase classname="com.automation.tests.JavaScriptExecutorTest" name="testScrollToBottom" time="13.434"/>
  <testcase classname="com.automation.tests.JavaScriptExecutorTest" name="testScrollToElement" time="12.814"/>
</testsuite> <!-- JavaScript Executor Tests -->
