<?xml version="1.0" encoding="UTF-8"?>
<!-- Generated by org.testng.reporters.JUnitXMLReporter -->
<testsuite ignored="2" hostname="NIBLP2470" failures="4" tests="4" name="Smoke Tests" time="0.054" errors="0" timestamp="2026-05-19T15:13:05 IST">
  <testcase classname="com.automation.tests.GoogleTest" name="searchWithMultipleKeywords" time="0.007">
    <failure type="java.lang.NullPointerException" message="Cannot invoke &amp;quot;org.openqa.selenium.WebDriver.get(String)&amp;quot; because &amp;quot;this.driver&amp;quot; is null">
      <![CDATA[java.lang.NullPointerException: Cannot invoke "org.openqa.selenium.WebDriver.get(String)" because "this.driver" is null
at com.automation.tests.GoogleTest.searchWithMultipleKeywords(GoogleTest.java:107)
at java.base/java.util.ArrayList.forEach(ArrayList.java:1596)
... Removed 25 stack frames]]>
    </failure>
  </testcase> <!-- searchWithMultipleKeywords -->
  <testcase classname="com.automation.tests.GoogleTest" name="searchWithMultipleKeywords" time="0.001">
    <failure type="java.lang.NullPointerException" message="Cannot invoke &amp;quot;org.openqa.selenium.WebDriver.get(String)&amp;quot; because &amp;quot;this.driver&amp;quot; is null">
      <![CDATA[java.lang.NullPointerException: Cannot invoke "org.openqa.selenium.WebDriver.get(String)" because "this.driver" is null
at com.automation.tests.GoogleTest.searchWithMultipleKeywords(GoogleTest.java:107)
at java.base/java.util.ArrayList.forEach(ArrayList.java:1596)
... Removed 25 stack frames]]>
    </failure>
  </testcase> <!-- searchWithMultipleKeywords -->
  <testcase classname="com.automation.tests.GoogleTest" name="searchWithMultipleKeywords" time="0.001">
    <failure type="java.lang.NullPointerException" message="Cannot invoke &amp;quot;org.openqa.selenium.WebDriver.get(String)&amp;quot; because &amp;quot;this.driver&amp;quot; is null">
      <![CDATA[java.lang.NullPointerException: Cannot invoke "org.openqa.selenium.WebDriver.get(String)" because "this.driver" is null
at com.automation.tests.GoogleTest.searchWithMultipleKeywords(GoogleTest.java:107)
at java.base/java.util.ArrayList.forEach(ArrayList.java:1596)
... Removed 25 stack frames]]>
    </failure>
  </testcase> <!-- searchWithMultipleKeywords -->
  <testcase classname="com.automation.tests.GoogleTest" name="verifyGoogleTitle" time="0.002">
    <failure type="java.lang.NullPointerException" message="Cannot invoke &amp;quot;org.openqa.selenium.WebDriver.get(String)&amp;quot; because &amp;quot;this.driver&amp;quot; is null">
      <![CDATA[java.lang.NullPointerException: Cannot invoke "org.openqa.selenium.WebDriver.get(String)" because "this.driver" is null
at com.automation.tests.GoogleTest.verifyGoogleTitle(GoogleTest.java:65)
at java.base/java.util.ArrayList.forEach(ArrayList.java:1596)
... Removed 25 stack frames]]>
    </failure>
  </testcase> <!-- verifyGoogleTitle -->
  <testcase classname="com.automation.tests.GoogleTest" name="verifySearchResults" time="0.0">
    <ignored/>
  </testcase> <!-- verifySearchResults -->
  <testcase classname="com.automation.tests.GoogleTest" name="failingTest" time="0.0">
    <ignored/>
  </testcase> <!-- failingTest -->
</testsuite> <!-- Smoke Tests -->
