<?xml version="1.0" encoding="UTF-8"?>
<testng-results ignored="0" total="3" passed="3" failed="0" skipped="0">
  <reporter-output>
  </reporter-output>
  <suite started-at="2026-05-27T15:32:44 IST" name="Default suite" finished-at="2026-05-27T15:33:41 IST" duration-ms="56274">
    <groups>
    </groups>
    <test started-at="2026-05-27T15:32:44 IST" name="Default test" finished-at="2026-05-27T15:33:41 IST" duration-ms="56274">
      <class name="com.automation.tests.ActionsTest">
        <test-method is-config="true" signature="setup()[pri:0, instance:com.automation.tests.ActionsTest@4a11eb84]" started-at="2026-05-27T15:32:44 IST" name="setup" finished-at="2026-05-27T15:32:46 IST" duration-ms="2120" status="PASS">
          <reporter-output>
          </reporter-output>
        </test-method> <!-- setup -->
        <test-method is-config="true" signature="initActions()[pri:0, instance:com.automation.tests.ActionsTest@4a11eb84]" started-at="2026-05-27T15:32:46 IST" name="initActions" finished-at="2026-05-27T15:32:46 IST" duration-ms="10" status="PASS">
          <reporter-output>
          </reporter-output>
        </test-method> <!-- initActions -->
        <test-method signature="testDoubleClick()[pri:0, instance:com.automation.tests.ActionsTest@4a11eb84]" started-at="2026-05-27T15:32:46 IST" name="testDoubleClick" finished-at="2026-05-27T15:33:04 IST" duration-ms="18003" status="PASS">
          <reporter-output>
          </reporter-output>
        </test-method> <!-- testDoubleClick -->
        <test-method is-config="true" signature="teardown(org.testng.ITestResult)[pri:0, instance:com.automation.tests.ActionsTest@4a11eb84]" started-at="2026-05-27T15:33:04 IST" name="teardown" finished-at="2026-05-27T15:33:05 IST" duration-ms="285" status="PASS">
          <params>
            <param index="0">
              <value>
                <![CDATA[[TestResult name=testDoubleClick status=SUCCESS method=ActionsTest.testDoubleClick()[pri:0, instance:com.automation.tests.ActionsTest@4a11eb84] output={null}]]]>
              </value>
            </param>
          </params>
          <reporter-output>
          </reporter-output>
        </test-method> <!-- teardown -->
        <test-method is-config="true" signature="setup()[pri:0, instance:com.automation.tests.ActionsTest@4a11eb84]" started-at="2026-05-27T15:33:05 IST" name="setup" finished-at="2026-05-27T15:33:06 IST" duration-ms="1379" status="PASS">
          <reporter-output>
          </reporter-output>
        </test-method> <!-- setup -->
        <test-method signature="testDragAndDrop()[pri:0, instance:com.automation.tests.ActionsTest@4a11eb84]" started-at="2026-05-27T15:33:06 IST" name="testDragAndDrop" finished-at="2026-05-27T15:33:22 IST" duration-ms="16322" status="PASS">
          <reporter-output>
          </reporter-output>
        </test-method> <!-- testDragAndDrop -->
        <test-method is-config="true" signature="initActions()[pri:0, instance:com.automation.tests.ActionsTest@4a11eb84]" started-at="2026-05-27T15:33:06 IST" name="initActions" finished-at="2026-05-27T15:33:06 IST" duration-ms="0" status="PASS">
          <reporter-output>
          </reporter-output>
        </test-method> <!-- initActions -->
        <test-method is-config="true" signature="teardown(org.testng.ITestResult)[pri:0, instance:com.automation.tests.ActionsTest@4a11eb84]" started-at="2026-05-27T15:33:22 IST" name="teardown" finished-at="2026-05-27T15:33:23 IST" duration-ms="331" status="PASS">
          <params>
            <param index="0">
              <value>
                <![CDATA[[TestResult name=testDragAndDrop status=SUCCESS method=ActionsTest.testDragAndDrop()[pri:0, instance:com.automation.tests.ActionsTest@4a11eb84] output={null}]]]>
              </value>
            </param>
          </params>
          <reporter-output>
          </reporter-output>
        </test-method> <!-- teardown -->
        <test-method is-config="true" signature="setup()[pri:0, instance:com.automation.tests.ActionsTest@4a11eb84]" started-at="2026-05-27T15:33:23 IST" name="setup" finished-at="2026-05-27T15:33:24 IST" duration-ms="1382" status="PASS">
          <reporter-output>
          </reporter-output>
        </test-method> <!-- setup -->
        <test-method is-config="true" signature="initActions()[pri:0, instance:com.automation.tests.ActionsTest@4a11eb84]" started-at="2026-05-27T15:33:24 IST" name="initActions" finished-at="2026-05-27T15:33:24 IST" duration-ms="3" status="PASS">
          <reporter-output>
          </reporter-output>
        </test-method> <!-- initActions -->
        <test-method signature="testRightClick()[pri:0, instance:com.automation.tests.ActionsTest@4a11eb84]" started-at="2026-05-27T15:33:24 IST" name="testRightClick" finished-at="2026-05-27T15:33:40 IST" duration-ms="16096" status="PASS">
          <reporter-output>
          </reporter-output>
        </test-method> <!-- testRightClick -->
        <test-method is-config="true" signature="teardown(org.testng.ITestResult)[pri:0, instance:com.automation.tests.ActionsTest@4a11eb84]" started-at="2026-05-27T15:33:40 IST" name="teardown" finished-at="2026-05-27T15:33:41 IST" duration-ms="298" status="PASS">
          <params>
            <param index="0">
              <value>
                <![CDATA[[TestResult name=testRightClick status=SUCCESS method=ActionsTest.testRightClick()[pri:0, instance:com.automation.tests.ActionsTest@4a11eb84] output={null}]]]>
              </value>
            </param>
          </params>
          <reporter-output>
          </reporter-output>
        </test-method> <!-- teardown -->
      </class> <!-- com.automation.tests.ActionsTest -->
    </test> <!-- Default test -->
  </suite> <!-- Default suite -->
</testng-results>
