<?xml version="1.0" encoding="UTF-8"?>
<!-- Generated by org.testng.reporters.JUnitReportReporter -->
<testsuite hostname="NIBLP2470" failures="0" tests="3" name="com.automation.tests.ActionsTest" time="56.229" errors="0" timestamp="2026-05-27T15:33:41 IST" skipped="0">
  <testcase classname="com.automation.tests.ActionsTest" name="testDoubleClick" time="19.673"/>
  <testcase classname="com.automation.tests.ActionsTest" name="testDragAndDrop" time="18.773"/>
  <testcase classname="com.automation.tests.ActionsTest" name="testRightClick" time="17.783"/>
</testsuite> <!-- com.automation.tests.ActionsTest -->
