<?xml version="1.0" encoding="UTF-8"?>
<!-- Generated by org.testng.reporters.JUnitReportReporter -->
<testsuite hostname="NIBLP2470" failures="0" tests="5" name="com.automation.tests.GoogleTest" time="18.757" errors="0" timestamp="2026-05-26T18:21:39 IST" skipped="0">
  <testcase classname="com.automation.tests.GoogleTest" name="verifySearchResults" time="3.654"/>
  <testcase classname="com.automation.tests.GoogleTest" name="searchWithMultipleKeywords" time="3.385"/>
  <testcase classname="com.automation.tests.GoogleTest" name="searchWithMultipleKeywords" time="5.845"/>
  <testcase classname="com.automation.tests.GoogleTest" name="searchWithMultipleKeywords" time="3.468"/>
  <testcase classname="com.automation.tests.GoogleTest" name="verifyGoogleTitle" time="2.405"/>
</testsuite> <!-- com.automation.tests.GoogleTest -->
