<?xml version="1.0" encoding="UTF-8"?>
<!-- Generated by org.testng.reporters.JUnitReportReporter -->
<testsuite hostname="NIBLP2470" failures="0" tests="5" name="com.automation.tests.WindowsAndAlertsTest" time="83.192" errors="0" timestamp="2026-05-27T12:07:12 IST" skipped="0">
  <testcase classname="com.automation.tests.WindowsAndAlertsTest" name="testNewTab" time="15.022"/>
  <testcase classname="com.automation.tests.WindowsAndAlertsTest" name="testNewWindow" time="16.328"/>
  <testcase classname="com.automation.tests.WindowsAndAlertsTest" name="testSimpleAlert" time="15.282"/>
  <testcase classname="com.automation.tests.WindowsAndAlertsTest" name="testPromptAlert" time="18.388"/>
  <testcase classname="com.automation.tests.WindowsAndAlertsTest" name="testConfirmAlert" time="18.172"/>
</testsuite> <!-- com.automation.tests.WindowsAndAlertsTest -->
