<?xml version="1.0" encoding="UTF-8"?>
<!-- Generated by org.testng.reporters.JUnitReportReporter -->
<testsuite hostname="NIBLP2470" failures="0" tests="4" name="com.automation.tests.FramesTest" time="93.979" errors="0" timestamp="2026-05-27T11:53:52 IST" skipped="0">
  <testcase classname="com.automation.tests.FramesTest" name="testSwitchToFrameById" time="24.059"/>
  <testcase classname="com.automation.tests.FramesTest" name="testSwitchToSecondFrame" time="24.592"/>
  <testcase classname="com.automation.tests.FramesTest" name="testNestedFrames" time="27.291"/>
  <testcase classname="com.automation.tests.FramesTest" name="testSwitchByWebElement" time="18.037"/>
</testsuite> <!-- com.automation.tests.FramesTest -->
