<?xml version="1.0" encoding="UTF-8"?>
<!-- Generated by org.testng.reporters.JUnitReportReporter -->
<testsuite hostname="NIBLP2470" failures="0" tests="5" name="com.automation.tests.TestNGAdvancedTest" time="70.687" errors="0" timestamp="2026-05-27T12:27:23 IST" skipped="0">
  <testcase classname="com.automation.tests.TestNGAdvancedTest" name="verifyDemoQATitle" time="12.856"/>
  <testcase classname="com.automation.tests.TestNGAdvancedTest" name="verifyFormsPageLoads" time="14.582"/>
  <testcase classname="com.automation.tests.TestNGAdvancedTest" name="verifyTextBoxPageLoads" time="14.121"/>
  <testcase classname="com.automation.tests.TestNGAdvancedTest" name="verifyButtonsPageLoads" time="13.749"/>
  <testcase classname="com.automation.tests.TestNGAdvancedTest" name="testWithRetry" time="15.379"/>
</testsuite> <!-- com.automation.tests.TestNGAdvancedTest -->
