<?xml version="1.0" encoding="UTF-8"?>
<!-- Generated by org.testng.reporters.JUnitReportReporter -->
<testsuite hostname="NIBLP2470" failures="0" tests="5" name="com.automation.tests.JavaScriptExecutorTest" time="72.354" errors="0" timestamp="2026-05-26T18:21:39 IST" skipped="0">
  <testcase classname="com.automation.tests.JavaScriptExecutorTest" name="testScrollToElement" time="14.256"/>
  <testcase classname="com.automation.tests.JavaScriptExecutorTest" name="testScrollToBottom" time="14.842"/>
  <testcase classname="com.automation.tests.JavaScriptExecutorTest" name="testGetPageInfo" time="11.551"/>
  <testcase classname="com.automation.tests.JavaScriptExecutorTest" name="testJSClick" time="15.513"/>
  <testcase classname="com.automation.tests.JavaScriptExecutorTest" name="testHighlightElement" time="16.192"/>
</testsuite> <!-- com.automation.tests.JavaScriptExecutorTest -->
