<?xml version="1.0" encoding="UTF-8"?>
<!-- Generated by org.testng.reporters.JUnitReportReporter -->
<testsuite hostname="NIBLP2470" failures="0" tests="3" name="com.automation.tests.FirstTest" time="15.991" errors="0" timestamp="2026-05-18T11:53:12 IST" skipped="0">
  <testcase classname="com.automation.tests.FirstTest" name="searchOnGoogle" time="5.701"/>
  <testcase classname="com.automation.tests.FirstTest" name="openGoogle" time="5.832"/>
  <testcase classname="com.automation.tests.FirstTest" name="searchWithWaits" time="4.458"/>
</testsuite> <!-- com.automation.tests.FirstTest -->
